<?xml version="1.0" encoding="UTF-8"?>
<testng-results ignored="2" total="4" passed="1" failed="1" skipped="0">
  <reporter-output>
  </reporter-output>
  <suite started-at="2023-05-06T20:07:10 IST" name="Suite" finished-at="2023-05-06T20:07:31 IST" duration-ms="21219">
    <groups>
    </groups>
    <test started-at="2023-05-06T20:07:10 IST" name="Test" finished-at="2023-05-06T20:07:31 IST" duration-ms="21219">
      <class name="TestCases.VerifySignup">
        <test-method is-config="true" signature="launchBrowser()[pri:0, instance:TestCases.VerifySignup@428640fa]" started-at="2023-05-06T20:07:20 IST" name="launchBrowser" finished-at="2023-05-06T20:07:23 IST" duration-ms="3086" status="PASS">
          <reporter-output>
          </reporter-output>
        </test-method> <!-- launchBrowser -->
        <test-method signature="signup()[pri:0, instance:TestCases.VerifySignup@428640fa]" started-at="2023-05-06T20:07:23 IST" name="signup" finished-at="2023-05-06T20:07:30 IST" duration-ms="6738" status="PASS">
          <reporter-output>
          </reporter-output>
        </test-method> <!-- signup -->
        <test-method is-config="true" signature="quitBrowser()[pri:0, instance:TestCases.VerifySignup@428640fa]" started-at="2023-05-06T20:07:30 IST" name="quitBrowser" finished-at="2023-05-06T20:07:30 IST" duration-ms="664" status="PASS">
          <reporter-output>
          </reporter-output>
        </test-method> <!-- quitBrowser -->
      </class> <!-- TestCases.VerifySignup -->
      <class name="TestCases.VerifyLogin">
        <test-method is-config="true" signature="ExtentReport()[pri:0, instance:TestCases.VerifyLogin@4b8ee4de]" started-at="2023-05-06T20:07:10 IST" name="ExtentReport" finished-at="2023-05-06T20:07:10 IST" duration-ms="320" status="PASS">
          <reporter-output>
          </reporter-output>
        </test-method> <!-- ExtentReport -->
        <test-method is-config="true" signature="launchBrowser()[pri:0, instance:TestCases.VerifyLogin@4b8ee4de]" started-at="2023-05-06T20:07:10 IST" name="launchBrowser" finished-at="2023-05-06T20:07:18 IST" duration-ms="7954" status="PASS">
          <reporter-output>
          </reporter-output>
        </test-method> <!-- launchBrowser -->
        <test-method signature="invalidLogin()[pri:0, instance:TestCases.VerifyLogin@4b8ee4de]" started-at="2023-05-06T20:07:18 IST" name="invalidLogin" finished-at="2023-05-06T20:07:19 IST" duration-ms="646" status="FAIL">
          <exception class="java.lang.AssertionError">
            <message>
              <![CDATA[The following asserts failed:
error message is not valid expected [Please check your username. If you still can't log in, contact your Salesforce administrator.] but found [Please check your username and password. If you still can't log in, contact your Salesforce administrator.]]]>
            </message>
            <full-stacktrace>
              <![CDATA[java.lang.AssertionError: The following asserts failed:
error message is not valid expected [Please check your username. If you still can't log in, contact your Salesforce administrator.] but found [Please check your username and password. If you still can't log in, contact your Salesforce administrator.]
at org.testng.asserts.SoftAssert.assertAll(SoftAssert.java:47)
at org.testng.asserts.SoftAssert.assertAll(SoftAssert.java:31)
at Rsources.CommonMethods.handleAssertions(CommonMethods.java:19)
at TestCases.VerifyLogin.invalidLogin(VerifyLogin.java:34)
at java.base/jdk.internal.reflect.NativeMethodAccessorImpl.invoke0(Native Method)
at java.base/jdk.internal.reflect.NativeMethodAccessorImpl.invoke(NativeMethodAccessorImpl.java:64)
at java.base/jdk.internal.reflect.DelegatingMethodAccessorImpl.invoke(DelegatingMethodAccessorImpl.java:43)
at java.base/java.lang.reflect.Method.invoke(Method.java:564)
at org.testng.internal.MethodInvocationHelper.invokeMethod(MethodInvocationHelper.java:133)
at org.testng.internal.TestInvoker.invokeMethod(TestInvoker.java:598)
at org.testng.internal.TestInvoker.invokeTestMethod(TestInvoker.java:173)
at org.testng.internal.MethodRunner.runInSequence(MethodRunner.java:46)
at org.testng.internal.TestInvoker$MethodInvocationAgent.invoke(TestInvoker.java:824)
at org.testng.internal.TestInvoker.invokeTestMethods(TestInvoker.java:146)
at org.testng.internal.TestMethodWorker.invokeTestMethods(TestMethodWorker.java:146)
at org.testng.internal.TestMethodWorker.run(TestMethodWorker.java:128)
at java.base/java.util.ArrayList.forEach(ArrayList.java:1511)
at org.testng.TestRunner.privateRun(TestRunner.java:794)
at org.testng.TestRunner.run(TestRunner.java:596)
at org.testng.SuiteRunner.runTest(SuiteRunner.java:377)
at org.testng.SuiteRunner.runSequentially(SuiteRunner.java:371)
at org.testng.SuiteRunner.privateRun(SuiteRunner.java:332)
at org.testng.SuiteRunner.run(SuiteRunner.java:276)
at org.testng.SuiteRunnerWorker.runSuite(SuiteRunnerWorker.java:53)
at org.testng.SuiteRunnerWorker.run(SuiteRunnerWorker.java:96)
at org.testng.TestNG.runSuitesSequentially(TestNG.java:1212)
at org.testng.TestNG.runSuitesLocally(TestNG.java:1134)
at org.testng.TestNG.runSuites(TestNG.java:1063)
at org.testng.TestNG.run(TestNG.java:1031)
at org.testng.remote.AbstractRemoteTestNG.run(AbstractRemoteTestNG.java:115)
at org.testng.remote.RemoteTestNG.initAndRun(RemoteTestNG.java:251)
at org.testng.remote.RemoteTestNG.main(RemoteTestNG.java:77)
]]>
            </full-stacktrace>
          </exception> <!-- java.lang.AssertionError -->
          <reporter-output>
          </reporter-output>
        </test-method> <!-- invalidLogin -->
        <test-method is-config="true" signature="quitBrowser()[pri:0, instance:TestCases.VerifyLogin@4b8ee4de]" started-at="2023-05-06T20:07:19 IST" name="quitBrowser" finished-at="2023-05-06T20:07:20 IST" duration-ms="1140" status="PASS">
          <reporter-output>
          </reporter-output>
        </test-method> <!-- quitBrowser -->
        <test-method is-config="true" signature="endReport()[pri:0, instance:TestCases.VerifyLogin@4b8ee4de]" started-at="2023-05-06T20:07:30 IST" name="endReport" finished-at="2023-05-06T20:07:31 IST" duration-ms="382" status="PASS">
          <reporter-output>
          </reporter-output>
        </test-method> <!-- endReport -->
      </class> <!-- TestCases.VerifyLogin -->
    </test> <!-- Test -->
  </suite> <!-- Suite -->
</testng-results>
